Building DAG of jobs...
Using shell: /bin/bash
Provided cores: 2
Rules claiming more threads will be scaled down.
Job counts:
	count	jobs
	4	HTSeq_count
	1	finish
	1	merge_results
	4	samtools_index
	4	samtools_sort
	14

[Sun Jun 23 21:58:02 2019]
rule samtools_sort:
    input: samples/control_rep1.bam
    output: results/control_rep1.sorted.bam
    log: logs/local_log/samtools_sort_control_rep1.log
    jobid: 6
    wildcards: sample=control_rep1

(samtools sort samples/control_rep1.bam > results/control_rep1.sorted.bam) &> logs/local_log/samtools_sort_control_rep1.log

[Sun Jun 23 21:58:02 2019]
rule samtools_sort:
    input: samples/control_rep2.bam
    output: results/control_rep2.sorted.bam
    log: logs/local_log/samtools_sort_control_rep2.log
    jobid: 8
    wildcards: sample=control_rep2

(samtools sort samples/control_rep2.bam > results/control_rep2.sorted.bam) &> logs/local_log/samtools_sort_control_rep2.log
Activating conda environment: /Users/foivosgypas/Documents/snakemake_tutorial/.snakemake/conda/93a861a7
Activating conda environment: /Users/foivosgypas/Documents/snakemake_tutorial/.snakemake/conda/93a861a7
[Sun Jun 23 21:58:03 2019]
Finished job 8.
1 of 14 steps (7%) done
[Sun Jun 23 21:58:03 2019]
Finished job 6.
2 of 14 steps (14%) done

[Sun Jun 23 21:58:03 2019]
rule samtools_index:
    input: results/control_rep1.sorted.bam
    output: results/control_rep1.sorted.bam.bai
    log: logs/local_log/samtools_index_control_rep1.log
    jobid: 7
    wildcards: sample=control_rep1

(samtools index results/control_rep1.sorted.bam > results/control_rep1.sorted.bam.bai) &> logs/local_log/samtools_index_control_rep1.log

[Sun Jun 23 21:58:03 2019]
rule samtools_index:
    input: results/control_rep2.sorted.bam
    output: results/control_rep2.sorted.bam.bai
    log: logs/local_log/samtools_index_control_rep2.log
    jobid: 9
    wildcards: sample=control_rep2

(samtools index results/control_rep2.sorted.bam > results/control_rep2.sorted.bam.bai) &> logs/local_log/samtools_index_control_rep2.log
Activating conda environment: /Users/foivosgypas/Documents/snakemake_tutorial/.snakemake/conda/93a861a7
Activating conda environment: /Users/foivosgypas/Documents/snakemake_tutorial/.snakemake/conda/93a861a7
[Sun Jun 23 21:58:04 2019]
Finished job 7.
3 of 14 steps (21%) done

[Sun Jun 23 21:58:04 2019]
rule HTSeq_count:
    input: results/control_rep1.sorted.bam, results/control_rep1.sorted.bam.bai, samples/Homo_sapiens.GRCh37.85.chr14.gtf
    output: results/control_rep1.htseq.tsv
    log: logs/local_log/HTSeq_count_control_rep1.log
    jobid: 2
    wildcards: sample=control_rep1

(htseq-count         --format bam         --order pos         --stranded yes         --type exon         --idattr gene_id         --mode union         results/control_rep1.sorted.bam samples/Homo_sapiens.GRCh37.85.chr14.gtf > results/control_rep1.htseq.tsv) &> logs/local_log/HTSeq_count_control_rep1.log
[Sun Jun 23 21:58:04 2019]
Finished job 9.
4 of 14 steps (29%) done

[Sun Jun 23 21:58:04 2019]
rule HTSeq_count:
    input: results/control_rep2.sorted.bam, results/control_rep2.sorted.bam.bai, samples/Homo_sapiens.GRCh37.85.chr14.gtf
    output: results/control_rep2.htseq.tsv
    log: logs/local_log/HTSeq_count_control_rep2.log
    jobid: 3
    wildcards: sample=control_rep2

(htseq-count         --format bam         --order pos         --stranded yes         --type exon         --idattr gene_id         --mode union         results/control_rep2.sorted.bam samples/Homo_sapiens.GRCh37.85.chr14.gtf > results/control_rep2.htseq.tsv) &> logs/local_log/HTSeq_count_control_rep2.log
Activating conda environment: /Users/foivosgypas/Documents/snakemake_tutorial/.snakemake/conda/1b68af4c
Activating conda environment: /Users/foivosgypas/Documents/snakemake_tutorial/.snakemake/conda/1b68af4c
[Sun Jun 23 21:58:15 2019]
Finished job 2.
5 of 14 steps (36%) done

[Sun Jun 23 21:58:15 2019]
rule samtools_sort:
    input: samples/HNRNPCKD_rep2.bam
    output: results/HNRNPCKD_rep2.sorted.bam
    log: logs/local_log/samtools_sort_HNRNPCKD_rep2.log
    jobid: 12
    wildcards: sample=HNRNPCKD_rep2

(samtools sort samples/HNRNPCKD_rep2.bam > results/HNRNPCKD_rep2.sorted.bam) &> logs/local_log/samtools_sort_HNRNPCKD_rep2.log
[Sun Jun 23 21:58:15 2019]
Finished job 3.
6 of 14 steps (43%) done

[Sun Jun 23 21:58:15 2019]
rule samtools_sort:
    input: samples/HNRNPCKD_rep1.bam
    output: results/HNRNPCKD_rep1.sorted.bam
    log: logs/local_log/samtools_sort_HNRNPCKD_rep1.log
    jobid: 10
    wildcards: sample=HNRNPCKD_rep1

(samtools sort samples/HNRNPCKD_rep1.bam > results/HNRNPCKD_rep1.sorted.bam) &> logs/local_log/samtools_sort_HNRNPCKD_rep1.log
Activating conda environment: /Users/foivosgypas/Documents/snakemake_tutorial/.snakemake/conda/93a861a7
Activating conda environment: /Users/foivosgypas/Documents/snakemake_tutorial/.snakemake/conda/93a861a7
[Sun Jun 23 21:58:15 2019]
Finished job 12.
7 of 14 steps (50%) done

[Sun Jun 23 21:58:15 2019]
rule samtools_index:
    input: results/HNRNPCKD_rep2.sorted.bam
    output: results/HNRNPCKD_rep2.sorted.bam.bai
    log: logs/local_log/samtools_index_HNRNPCKD_rep2.log
    jobid: 13
    wildcards: sample=HNRNPCKD_rep2

(samtools index results/HNRNPCKD_rep2.sorted.bam > results/HNRNPCKD_rep2.sorted.bam.bai) &> logs/local_log/samtools_index_HNRNPCKD_rep2.log
[Sun Jun 23 21:58:15 2019]
Finished job 10.
8 of 14 steps (57%) done

[Sun Jun 23 21:58:15 2019]
rule samtools_index:
    input: results/HNRNPCKD_rep1.sorted.bam
    output: results/HNRNPCKD_rep1.sorted.bam.bai
    log: logs/local_log/samtools_index_HNRNPCKD_rep1.log
    jobid: 11
    wildcards: sample=HNRNPCKD_rep1

(samtools index results/HNRNPCKD_rep1.sorted.bam > results/HNRNPCKD_rep1.sorted.bam.bai) &> logs/local_log/samtools_index_HNRNPCKD_rep1.log
Activating conda environment: /Users/foivosgypas/Documents/snakemake_tutorial/.snakemake/conda/93a861a7
Activating conda environment: /Users/foivosgypas/Documents/snakemake_tutorial/.snakemake/conda/93a861a7
[Sun Jun 23 21:58:16 2019]
Finished job 13.
9 of 14 steps (64%) done

[Sun Jun 23 21:58:16 2019]
rule HTSeq_count:
    input: results/HNRNPCKD_rep2.sorted.bam, results/HNRNPCKD_rep2.sorted.bam.bai, samples/Homo_sapiens.GRCh37.85.chr14.gtf
    output: results/HNRNPCKD_rep2.htseq.tsv
    log: logs/local_log/HTSeq_count_HNRNPCKD_rep2.log
    jobid: 5
    wildcards: sample=HNRNPCKD_rep2

(htseq-count         --format bam         --order pos         --stranded yes         --type exon         --idattr gene_id         --mode union         results/HNRNPCKD_rep2.sorted.bam samples/Homo_sapiens.GRCh37.85.chr14.gtf > results/HNRNPCKD_rep2.htseq.tsv) &> logs/local_log/HTSeq_count_HNRNPCKD_rep2.log
[Sun Jun 23 21:58:16 2019]
Finished job 11.
10 of 14 steps (71%) done

[Sun Jun 23 21:58:16 2019]
rule HTSeq_count:
    input: results/HNRNPCKD_rep1.sorted.bam, results/HNRNPCKD_rep1.sorted.bam.bai, samples/Homo_sapiens.GRCh37.85.chr14.gtf
    output: results/HNRNPCKD_rep1.htseq.tsv
    log: logs/local_log/HTSeq_count_HNRNPCKD_rep1.log
    jobid: 4
    wildcards: sample=HNRNPCKD_rep1

(htseq-count         --format bam         --order pos         --stranded yes         --type exon         --idattr gene_id         --mode union         results/HNRNPCKD_rep1.sorted.bam samples/Homo_sapiens.GRCh37.85.chr14.gtf > results/HNRNPCKD_rep1.htseq.tsv) &> logs/local_log/HTSeq_count_HNRNPCKD_rep1.log
Activating conda environment: /Users/foivosgypas/Documents/snakemake_tutorial/.snakemake/conda/1b68af4c
Activating conda environment: /Users/foivosgypas/Documents/snakemake_tutorial/.snakemake/conda/1b68af4c
[Sun Jun 23 21:58:22 2019]
Finished job 4.
11 of 14 steps (79%) done
[Sun Jun 23 21:58:22 2019]
Finished job 5.
12 of 14 steps (86%) done

[Sun Jun 23 21:58:22 2019]
rule merge_results:
    input: results/control_rep1.htseq.tsv, results/control_rep2.htseq.tsv, results/HNRNPCKD_rep1.htseq.tsv, results/HNRNPCKD_rep2.htseq.tsv
    output: results/counts.htseq.merged.tsv
    log: logs/local_log/merge_results.log
    jobid: 1

(paste results/control_rep1.htseq.tsv results/control_rep2.htseq.tsv results/HNRNPCKD_rep1.htseq.tsv results/HNRNPCKD_rep2.htseq.tsv | grep -v "^_" > results/counts.htseq.merged.tsv) &> logs/local_log/merge_results.log
[Sun Jun 23 21:58:22 2019]
Finished job 1.
13 of 14 steps (93%) done

[Sun Jun 23 21:58:22 2019]
localrule finish:
    input: results/counts.htseq.merged.tsv
    jobid: 0

[Sun Jun 23 21:58:22 2019]
Finished job 0.
14 of 14 steps (100%) done
Complete log: /Users/foivosgypas/Documents/snakemake_tutorial/.snakemake/log/2019-06-23T215801.950521.snakemake.log
